app/build (1)/outputs (1)/logs/manifest-merger-debug-report.txt
-- Merging decision tree log ---
manifest
ADDED from src\main\AndroidManifest.xml:2:1-358:12
INJECTED from src\main\AndroidManifest.xml:2:1-358:12
INJECTED from src\main\AndroidManifest.xml:2:1-358:12
INJECTED from src\main\AndroidManifest.xml:2:1-358:12
MERGED from [com.theartofdev.edmodo:android-image-cropper:2.8.0] AndroidManifest.xml:2:1-11:12
MERGED from [androidx.databinding:viewbinding:7.3.1] AndroidManifest.xml:2:1-9:12
MERGED from [com.google.android.material:material:1.8.0] AndroidManifest.xml:17:1-26:12
MERGED from [androidx.constraintlayout:constraintlayout:2.1.4] AndroidManifest.xml:2:1-11:12
MERGED from [io.github.chaosleung:pinview:1.4.4] AndroidManifest.xml:17:1-24:12
MERGED from [androidx.appcompat:appcompat-resources:1.6.1] AndroidManifest.xml:17:1-22:12
MERGED from [androidx.appcompat:appcompat:1.6.1] AndroidManifest.xml:17:1-22:12
MERGED from [com.google.firebase:firebase-auth:21.1.0] AndroidManifest.xml:17:1-73:12
MERGED from [androidx.browser:browser:1.5.0] AndroidManifest.xml:17:1-22:12
MERGED from [com.google.firebase:firebase-database:20.1.0] AndroidManifest.xml:15:1-37:12
MERGED from [com.google.firebase:firebase-analytics:21.2.0] AndroidManifest.xml:2:1-9:12
MERGED from [com.google.firebase:firebase-storage:20.1.0] AndroidManifest.xml:15:1-38:12
MERGED from [de.hdodenhof:circleimageview:3.1.0] AndroidManifest.xml:2:1-11:12
MERGED from [com.squareup.picasso:picasso:2.71828] AndroidManifest.xml:2:1-14:12
MERGED from [com.google.firebase:firebase-auth-interop:20.0.0] AndroidManifest.xml:2:1-10:12
MERGED from [com.google.firebase:firebase-appcheck-interop:16.1.0] AndroidManifest.xml:15:1-25:12
MERGED from [com.google.android.gms:play-services-measurement-api:21.2.0] AndroidManifest.xml:17:1-37:12
MERGED from [com.google.firebase:firebase-installations:17.1.1] AndroidManifest.xml:2:1-23:12
MERGED from [com.google.firebase:firebase-common:20.3.0] AndroidManifest.xml:15:1-39:12
MERGED from [androidx.exifinterface:exifinterface:1.0.0] AndroidManifest.xml:17:1-22:12
MERGED from [androidx.viewpager2:viewpager2:1.0.0] AndroidManifest.xml:17:1-24:12
MERGED from [com.google.android.gms:play-services-auth-api-phone:17.4.0] AndroidManifest.xml:2:1-7:12
MERGED from [com.google.android.gms:play-services-safetynet:17.0.0] AndroidManifest.xml:17:1-24:12
MERGED from [com.google.firebase:firebase-database-collection:18.0.1] AndroidManifest.xml:2:1-9:12
MERGED from [com.google.android.gms:play-services-base:18.0.1] AndroidManifest.xml:16:1-24:12
MERGED from [com.google.android.gms:play-services-measurement:21.2.0] AndroidManifest.xml:17:1-46:12
MERGED from [com.google.android.gms:play-services-measurement-sdk:21.2.0] AndroidManifest.xml:17:1-25:12
MERGED from [com.google.firebase:firebase-installations-interop:17.1.0] AndroidManifest.xml:15:1-22:12
MERGED from [com.google.android.gms:play-services-tasks:18.0.2] AndroidManifest.xml:2:1-6:12
MERGED from [com.google.android.gms:play-services-measurement-impl:21.2.0] AndroidManifest.xml:17:1-32:12
MERGED from [com.google.android.gms:play-services-ads-identifier:18.0.0] AndroidManifest.xml:17:1-27:12
MERGED from [com.google.android.gms:play-services-measurement-sdk-api:21.2.0] AndroidManifest.xml:17:1-28:12
MERGED from [com.google.android.gms:play-services-measurement-base:21.2.0] AndroidManifest.xml:2:1-9:12
MERGED from [com.google.android.gms:play-services-stats:17.0.2] AndroidManifest.xml:2:1-9:12
MERGED from [com.google.firebase:firebase-measurement-connector:19.0.0] AndroidManifest.xml:17:1-25:12
MERGED from [com.google.android.gms:play-services-basement:18.1.0] AndroidManifest.xml:16:1-26:12
MERGED from [androidx.fragment:fragment:1.3.6] AndroidManifest.xml:17:1-24:12
MERGED from [androidx.activity:activity:1.6.0] AndroidManifest.xml:17:1-22:12
MERGED from [androidx.emoji2:emoji2-views-helper:1.2.0] AndroidManifest.xml:2:1-7:12
MERGED from [androidx.emoji2:emoji2:1.2.0] AndroidManifest.xml:17:1-35:12
MERGED from [androidx.drawerlayout:drawerlayout:1.1.1] AndroidManifest.xml:17:1-24:12
MERGED from [androidx.coordinatorlayout:coordinatorlayout:1.1.0] AndroidManifest.xml:17:1-24:12
MERGED from [androidx.dynamicanimation:dynamicanimation:1.0.0] AndroidManifest.xml:17:1-22:12
MERGED from [androidx.transition:transition:1.2.0] AndroidManifest.xml:17:1-24:12
MERGED from [androidx.vectordrawable:vectordrawable-animated:1.1.0] AndroidManifest.xml:17:1-24:12
MERGED from [androidx.vectordrawable:vectordrawable:1.1.0] AndroidManifest.xml:17:1-24:12
MERGED from [androidx.legacy:legacy-support-core-utils:1.0.0] AndroidManifest.xml:17:1-22:12
MERGED from [androidx.loader:loader:1.0.0] AndroidManifest.xml:17:1-22:12
MERGED from [androidx.lifecycle:lifecycle-viewmodel:2.5.1] AndroidManifest.xml:17:1-24:12
MERGED from [androidx.lifecycle:lifecycle-viewmodel-savedstate:2.5.1] AndroidManifest.xml:17:1-24:12
MERGED from [androidx.core:core-ktx:1.9.0] AndroidManifest.xml:2:1-7:12
MERGED from [androidx.viewpager:viewpager:1.0.0] AndroidManifest.xml:17:1-22:12
MERGED from [androidx.recyclerview:recyclerview:1.1.0] AndroidManifest.xml:17:1-24:12
MERGED from [androidx.customview:customview:1.1.0] AndroidManifest.xml:17:1-24:12
MERGED from [androidx.core:core:1.9.0] AndroidManifest.xml:17:1-30:12
MERGED from [androidx.cursoradapter:cursoradapter:1.0.0] AndroidManifest.xml:17:1-22:12
MERGED from [androidx.lifecycle:lifecycle-process:2.4.1] AndroidManifest.xml:17:1-37:12
MERGED from [androidx.lifecycle:lifecycle-runtime:2.5.1] AndroidManifest.xml:17:1-24:12
MERGED from [androidx.savedstate:savedstate:1.2.0] AndroidManifest.xml:17:1-24:12
MERGED from [androidx.cardview:cardview:1.0.0] AndroidManifest.xml:17:1-22:12
MERGED from [androidx.versionedparcelable:versionedparcelable:1.1.1] AndroidManifest.xml:17:1-27:12
MERGED from [androidx.interpolator:interpolator:1.0.0] AndroidManifest.xml:17:1-22:12
MERGED from [androidx.localbroadcastmanager:localbroadcastmanager:1.0.0] AndroidManifest.xml:17:1-22:12
MERGED from [androidx.startup:startup-runtime:1.1.1] AndroidManifest.xml:17:1-33:12
MERGED from [androidx.tracing:tracing:1.0.0] AndroidManifest.xml:17:1-24:12
MERGED from [androidx.lifecycle:lifecycle-livedata:2.0.0] AndroidManifest.xml:17:1-22:12
MERGED from [androidx.lifecycle:lifecycle-livedata-core:2.5.1] AndroidManifest.xml:17:1-24:12
MERGED from [androidx.arch.core:core-runtime:2.1.0] AndroidManifest.xml:17:1-24:12
MERGED from [com.google.firebase:firebase-components:17.1.0] AndroidManifest.xml:15:1-22:12
MERGED from [androidx.documentfile:documentfile:1.0.0] AndroidManifest.xml:17:1-22:12
MERGED from [androidx.print:print:1.0.0] AndroidManifest.xml:17:1-22:12
MERGED from [androidx.annotation:annotation-experimental:1.3.0] AndroidManifest.xml:17:1-22:12
MERGED from [com.android.support:exifinterface:27.1.0] AndroidManifest.xml:17:1-22:12
INJECTED from src\main\AndroidManifest.xml:2:1-358:12
INJECTED from src\main\AndroidManifest.xml:2:1-358:12
INJECTED from src\main\AndroidManifest.xml:2:1-358:12
	package
		INJECTED from src\main\AndroidManifest.xml
		ADDED from src\main\AndroidManifest.xml:2:1-358:12
		INJECTED from src\main\AndroidManifest.xml
	android:versionName
		INJECTED from src\main\AndroidManifest.xml
		ADDED from src\main\AndroidManifest.xml:2:1-358:12
		INJECTED from src\main\AndroidManifest.xml
	xmlns:tools
		ADDED from src\main\AndroidManifest.xml:3:5-51
	android:versionCode
		INJECTED from src\main\AndroidManifest.xml
		ADDED from src\main\AndroidManifest.xml:2:1-358:12
		INJECTED from src\main\AndroidManifest.xml
	xmlns:android
		ADDED from src\main\AndroidManifest.xml:2:11-69
uses-permission#android.permission.INTERNET
ADDED from src\main\AndroidManifest.xml:5:5-67
MERGED from [com.google.firebase:firebase-auth:21.1.0] AndroidManifest.xml:23:5-67
MERGED from [com.google.firebase:firebase-auth:21.1.0] AndroidManifest.xml:23:5-67
MERGED from [com.google.firebase:firebase-database:20.1.0] AndroidManifest.xml:25:5-67
MERGED from [com.google.firebase:firebase-database:20.1.0] AndroidManifest.xml:25:5-67
MERGED from [com.google.firebase:firebase-storage:20.1.0] AndroidManifest.xml:26:5-67
MERGED from [com.google.firebase:firebase-storage:20.1.0] AndroidManifest.xml:26:5-67
MERGED from [com.google.android.gms:play-services-measurement-api:21.2.0] AndroidManifest.xml:22:5-67
MERGED from [com.google.android.gms:play-services-measurement-api:21.2.0] AndroidManifest.xml:22:5-67
MERGED from [com.google.firebase:firebase-installations:17.1.1] AndroidManifest.xml:10:5-67
MERGED from [com.google.firebase:firebase-installations:17.1.1] AndroidManifest.xml:10:5-67
MERGED from [com.google.android.gms:play-services-measurement:21.2.0] AndroidManifest.xml:23:5-67
MERGED from [com.google.android.gms:play-services-measurement:21.2.0] AndroidManifest.xml:23:5-67
MERGED from [com.google.android.gms:play-services-measurement-impl:21.2.0] AndroidManifest.xml:23:5-67
MERGED from [com.google.android.gms:play-services-measurement-impl:21.2.0] AndroidManifest.xml:23:5-67
MERGED from [com.google.android.gms:play-services-measurement-sdk-api:21.2.0] AndroidManifest.xml:23:5-67
MERGED from [com.google.android.gms:play-services-measurement-sdk-api:21.2.0] AndroidManifest.xml:23:5-67
	android:name
		ADDED from src\main\AndroidManifest.xml:5:22-64
uses-permission#android.permission.READ_EXTERNAL_STORAGE
ADDED from src\main\AndroidManifest.xml:6:5-80
	android:name
		ADDED from src\main\AndroidManifest.xml:6:22-77
uses-permission#android.permission.WRITE_EXTERNAL_STORAGE
ADDED from src\main\AndroidManifest.xml:7:5-81
	android:name
		ADDED from src\main\AndroidManifest.xml:7:22-78
application
ADDED from src\main\AndroidManifest.xml:9:5-356:19
MERGED from [com.google.android.material:material:1.8.0] AndroidManifest.xml:24:5-20
MERGED from [com.google.android.material:material:1.8.0] AndroidManifest.xml:24:5-20
MERGED from [androidx.constraintlayout:constraintlayout:2.1.4] AndroidManifest.xml:9:5-20
MERGED from [androidx.constraintlayout:constraintlayout:2.1.4] AndroidManifest.xml:9:5-20
MERGED from [com.google.firebase:firebase-auth:21.1.0] AndroidManifest.xml:26:5-71:19
MERGED from [com.google.firebase:firebase-auth:21.1.0] AndroidManifest.xml:26:5-71:19
MERGED from [com.google.firebase:firebase-database:20.1.0] AndroidManifest.xml:27:5-35:19
MERGED from [com.google.firebase:firebase-database:20.1.0] AndroidManifest.xml:27:5-35:19
MERGED from [com.google.firebase:firebase-analytics:21.2.0] AndroidManifest.xml:7:5-20
MERGED from [com.google.firebase:firebase-analytics:21.2.0] AndroidManifest.xml:7:5-20
MERGED from [com.google.firebase:firebase-storage:20.1.0] AndroidManifest.xml:28:5-36:19
MERGED from [com.google.firebase:firebase-storage:20.1.0] AndroidManifest.xml:28:5-36:19
MERGED from [de.hdodenhof:circleimageview:3.1.0] AndroidManifest.xml:9:5-20
MERGED from [de.hdodenhof:circleimageview:3.1.0] AndroidManifest.xml:9:5-20
MERGED from [com.squareup.picasso:picasso:2.71828] AndroidManifest.xml:7:5-12:19
MERGED from [com.squareup.picasso:picasso:2.71828] AndroidManifest.xml:7:5-12:19
MERGED from [com.google.firebase:firebase-auth-interop:20.0.0] AndroidManifest.xml:7:5-8:19
MERGED from [com.google.firebase:firebase-auth-interop:20.0.0] AndroidManifest.xml:7:5-8:19
MERGED from [com.google.firebase:firebase-appcheck-interop:16.1.0] AndroidManifest.xml:23:5-20
MERGED from [com.google.firebase:firebase-appcheck-interop:16.1.0] AndroidManifest.xml:23:5-20
MERGED from [com.google.android.gms:play-services-measurement-api:21.2.0] AndroidManifest.xml:27:5-35:19
MERGED from [com.google.android.gms:play-services-measurement-api:21.2.0] AndroidManifest.xml:27:5-35:19
MERGED from [com.google.firebase:firebase-installations:17.1.1] AndroidManifest.xml:13:5-21:19
MERGED from [com.google.firebase:firebase-installations:17.1.1] AndroidManifest.xml:13:5-21:19
MERGED from [com.google.firebase:firebase-common:20.3.0] AndroidManifest.xml:24:5-37:19
MERGED from [com.google.firebase:firebase-common:20.3.0] AndroidManifest.xml:24:5-37:19
MERGED from [com.google.android.gms:play-services-safetynet:17.0.0] AndroidManifest.xml:22:5-20
MERGED from [com.google.android.gms:play-services-safetynet:17.0.0] AndroidManifest.xml:22:5-20
MERGED from [com.google.android.gms:play-services-base:18.0.1] AndroidManifest.xml:19:5-23:19
MERGED from [com.google.android.gms:play-services-base:18.0.1] AndroidManifest.xml:19:5-23:19
MERGED from [com.google.android.gms:play-services-measurement:21.2.0] AndroidManifest.xml:28:5-44:19
MERGED from [com.google.android.gms:play-services-measurement:21.2.0] AndroidManifest.xml:28:5-44:19
MERGED from [com.google.android.gms:play-services-measurement-sdk:21.2.0] AndroidManifest.xml:22:5-23:19
MERGED from [com.google.android.gms:play-services-measurement-sdk:21.2.0] AndroidManifest.xml:22:5-23:19
MERGED from [com.google.android.gms:play-services-tasks:18.0.2] AndroidManifest.xml:5:5-20
MERGED from [com.google.android.gms:play-services-tasks:18.0.2] AndroidManifest.xml:5:5-20
MERGED from [com.google.android.gms:play-services-measurement-impl:21.2.0] AndroidManifest.xml:29:5-30:19
MERGED from [com.google.android.gms:play-services-measurement-impl:21.2.0] AndroidManifest.xml:29:5-30:19
MERGED from [com.google.android.gms:play-services-ads-identifier:18.0.0] AndroidManifest.xml:25:5-20
MERGED from [com.google.android.gms:play-services-ads-identifier:18.0.0] AndroidManifest.xml:25:5-20
MERGED from [com.google.android.gms:play-services-measurement-base:21.2.0] AndroidManifest.xml:7:5-20
MERGED from [com.google.android.gms:play-services-measurement-base:21.2.0] AndroidManifest.xml:7:5-20
MERGED from [com.google.android.gms:play-services-stats:17.0.2] AndroidManifest.xml:7:5-20
MERGED from [com.google.android.gms:play-services-stats:17.0.2] AndroidManifest.xml:7:5-20
MERGED from [com.google.firebase:firebase-measurement-connector:19.0.0] AndroidManifest.xml:22:5-23:19
MERGED from [com.google.firebase:firebase-measurement-connector:19.0.0] AndroidManifest.xml:22:5-23:19
MERGED from [com.google.android.gms:play-services-basement:18.1.0] AndroidManifest.xml:20:5-24:19
MERGED from [com.google.android.gms:play-services-basement:18.1.0] AndroidManifest.xml:20:5-24:19
MERGED from [androidx.emoji2:emoji2:1.2.0] AndroidManifest.xml:23:5-33:19
MERGED from [androidx.emoji2:emoji2:1.2.0] AndroidManifest.xml:23:5-33:19
MERGED from [androidx.core:core:1.9.0] AndroidManifest.xml:28:5-89
MERGED from [androidx.core:core:1.9.0] AndroidManifest.xml:28:5-89
MERGED from [androidx.lifecycle:lifecycle-process:2.4.1] AndroidManifest.xml:25:5-35:19
MERGED from [androidx.lifecycle:lifecycle-process:2.4.1] AndroidManifest.xml:25:5-35:19
MERGED from [androidx.versionedparcelable:versionedparcelable:1.1.1] AndroidManifest.xml:24:5-25:19
MERGED from [androidx.versionedparcelable:versionedparcelable:1.1.1] AndroidManifest.xml:24:5-25:19
MERGED from [androidx.startup:startup-runtime:1.1.1] AndroidManifest.xml:25:5-31:19
MERGED from [androidx.startup:startup-runtime:1.1.1] AndroidManifest.xml:25:5-31:19
	android:appComponentFactory
		ADDED from [androidx.core:core:1.9.0] AndroidManifest.xml:28:18-86
	android:supportsRtl
		ADDED from src\main\AndroidManifest.xml:16:9-35
	android:label
		ADDED from src\main\AndroidManifest.xml:14:9-41
	android:fullBackupContent
		ADDED from src\main\AndroidManifest.xml:12:9-54
	android:roundIcon
		ADDED from src\main\AndroidManifest.xml:15:9-54
	tools:targetApi
		ADDED from src\main\AndroidManifest.xml:19:9-29
	android:icon
		ADDED from src\main\AndroidManifest.xml:13:9-43
	android:allowBackup
		ADDED from src\main\AndroidManifest.xml:10:9-35
	android:theme
		ADDED from src\main\AndroidManifest.xml:17:9-46
	android:dataExtractionRules
		ADDED from src\main\AndroidManifest.xml:11:9-65
	android:usesCleartextTraffic
		ADDED from src\main\AndroidManifest.xml:18:9-44
activity#com.example.konekapp.ui.dashboard.manageuser.upgrademitra.DetailUpgradeMitraActivity
ADDED from src\main\AndroidManifest.xml:20:9-26:20
	android:exported
		ADDED from src\main\AndroidManifest.xml:22:13-37
	android:name
		ADDED from src\main\AndroidManifest.xml:21:13-92
meta-data#android.app.lib_name
ADDED from src\main\AndroidManifest.xml:23:13-25:36
	android:value
		ADDED from src\main\AndroidManifest.xml:25:17-33
	android:name
		ADDED from src\main\AndroidManifest.xml:24:17-52
activity#com.example.konekapp.ui.dashboard.manageuser.upgrademitra.UpgradeMitraActivity
ADDED from src\main\AndroidManifest.xml:27:9-33:20
	android:exported
		ADDED from src\main\AndroidManifest.xml:29:13-37
	android:name
		ADDED from src\main\AndroidManifest.xml:28:13-86
activity#com.example.konekapp.ui.dashboard.manageuser.manageuser.DetailManageUserActivity
ADDED from src\main\AndroidManifest.xml:34:9-40:20
	android:exported
		ADDED from src\main\AndroidManifest.xml:36:13-37
	android:name
		ADDED from src\main\AndroidManifest.xml:35:13-88
activity#com.example.konekapp.ui.dashboard.manageuser.manageuser.ManageUserActivity
ADDED from src\main\AndroidManifest.xml:41:9-47:20
	android:exported
		ADDED from src\main\AndroidManifest.xml:43:13-37
	android:name
		ADDED from src\main\AndroidManifest.xml:42:13-82
activity#com.example.konekapp.ui.dashboard.account.privacypolicy.PrivacyPolicyActivity
ADDED from src\main\AndroidManifest.xml:48:9-54:20
	android:exported
		ADDED from src\main\AndroidManifest.xml:50:13-37
	android:name
		ADDED from src\main\AndroidManifest.xml:49:13-85
activity#com.example.konekapp.ui.dashboard.home.registermitra.RegisterMitraDeclinedActivity
ADDED from src\main\AndroidManifest.xml:55:9-61:20
	android:exported
		ADDED from src\main\AndroidManifest.xml:57:13-37
	android:name
		ADDED from src\main\AndroidManifest.xml:56:13-90
activity#com.example.konekapp.ui.dashboard.home.registermitra.RegisterMitraApprovedActivity
ADDED from src\main\AndroidManifest.xml:62:9-68:20
	android:exported
		ADDED from src\main\AndroidManifest.xml:64:13-37
	android:name
		ADDED from src\main\AndroidManifest.xml:63:13-90
activity#com.example.konekapp.ui.dashboard.home.crops.mitracrops.MitraCropsListActivity
ADDED from src\main\AndroidManifest.xml:69:9-75:20
	android:exported
		ADDED from src\main\AndroidManifest.xml:71:13-37
	android:name
		ADDED from src\main\AndroidManifest.xml:70:13-86
activity#com.example.konekapp.ui.dashboard.home.crops.adminandahlitanicrops.AdminEditMitraCrops
ADDED from src\main\AndroidManifest.xml:76:9-82:20
	android:exported
		ADDED from src\main\AndroidManifest.xml:78:13-37
	android:name
		ADDED from src\main\AndroidManifest.xml:77:13-94
activity#com.example.konekapp.ui.dashboard.home.crops.adminandahlitanicrops.CommodityCropsActivity
ADDED from src\main\AndroidManifest.xml:83:9-89:20
	android:exported
		ADDED from src\main\AndroidManifest.xml:85:13-37
	android:name
		ADDED from src\main\AndroidManifest.xml:84:13-97
activity#com.example.konekapp.ui.dashboard.home.crops.adminandahlitanicrops.AhliTaniAndAdminCropsActivity
ADDED from src\main\AndroidManifest.xml:90:9-96:20
	android:exported
		ADDED from src\main\AndroidManifest.xml:92:13-37
	android:name
		ADDED from src\main\AndroidManifest.xml:91:13-104
activity#com.example.konekapp.ui.dashboard.home.crops.mitracrops.EditMitraCropsActivity
ADDED from src\main\AndroidManifest.xml:97:9-103:20
	android:exported
		ADDED from src\main\AndroidManifest.xml:99:13-37
	android:name
		ADDED from src\main\AndroidManifest.xml:98:13-86
activity#com.example.konekapp.ui.dashboard.home.crops.mitracrops.MitraCropsStatusActivity
ADDED from src\main\AndroidManifest.xml:104:9-110:20
	android:exported
		ADDED from src\main\AndroidManifest.xml:106:13-37
	android:name
		ADDED from src\main\AndroidManifest.xml:105:13-88
activity#com.example.konekapp.ui.dashboard.home.crops.mitracrops.PreMitraCropsActivity
ADDED from src\main\AndroidManifest.xml:111:9-117:20
	android:exported
		ADDED from src\main\AndroidManifest.xml:113:13-37
	android:name
		ADDED from src\main\AndroidManifest.xml:112:13-85
activity#com.example.konekapp.ui.dashboard.home.waitingreview.WaitingReviewActivity
ADDED from src\main\AndroidManifest.xml:118:9-124:20
	android:exported
		ADDED from src\main\AndroidManifest.xml:120:13-37
	android:name
		ADDED from src\main\AndroidManifest.xml:119:13-82
activity#com.example.konekapp.ui.toregistmitra.ToRegistMitraActivity
ADDED from src\main\AndroidManifest.xml:125:9-131:20
	android:exported
		ADDED from src\main\AndroidManifest.xml:127:13-37
	android:name
		ADDED from src\main\AndroidManifest.xml:126:13-67
activity#com.example.konekapp.ui.dashboard.home.crops.mitracrops.MitraCropsActivity
ADDED from src\main\AndroidManifest.xml:132:9-140:20
	android:screenOrientation
		ADDED from src\main\AndroidManifest.xml:135:13-49
	android:windowSoftInputMode
		ADDED from src\main\AndroidManifest.xml:136:13-52
	android:exported
		ADDED from src\main\AndroidManifest.xml:134:13-37
	android:name
		ADDED from src\main\AndroidManifest.xml:133:13-82
activity#com.example.konekapp.ui.dashboard.manageuser.managemitra.requestmitra.DetailManageMitra
ADDED from src\main\AndroidManifest.xml:141:9-147:20
	android:exported
		ADDED from src\main\AndroidManifest.xml:143:13-37
	android:name
		ADDED from src\main\AndroidManifest.xml:142:13-82
activity#com.example.konekapp.ui.dashboard.home.plant.drug.adddrug.AddObatActivity
ADDED from src\main\AndroidManifest.xml:148:9-156:20
	android:screenOrientation
		ADDED from src\main\AndroidManifest.xml:151:13-49
	android:windowSoftInputMode
		ADDED from src\main\AndroidManifest.xml:152:13-52
	android:exported
		ADDED from src\main\AndroidManifest.xml:150:13-37
	android:name
		ADDED from src\main\AndroidManifest.xml:149:13-81
activity#com.example.konekapp.ui.dashboard.home.plant.disease.adddisease.AddPenyakitActivity
ADDED from src\main\AndroidManifest.xml:157:9-165:20
	android:screenOrientation
		ADDED from src\main\AndroidManifest.xml:160:13-49
	android:windowSoftInputMode
		ADDED from src\main\AndroidManifest.xml:161:13-52
	android:exported
		ADDED from src\main\AndroidManifest.xml:159:13-37
	android:name
		ADDED from src\main\AndroidManifest.xml:158:13-91
activity#com.example.konekapp.ui.dashboard.manageuser.managemitra.requestmitra.ManageMitra
ADDED from src\main\AndroidManifest.xml:166:9-173:20
	android:screenOrientation
		ADDED from src\main\AndroidManifest.xml:169:13-49
	android:exported
		ADDED from src\main\AndroidManifest.xml:168:13-37
	android:name
		ADDED from src\main\AndroidManifest.xml:167:13-76
activity#com.example.konekapp.ui.dashboard.home.plant.addplant.AddTanamanActivity
ADDED from src\main\AndroidManifest.xml:174:9-182:20
	android:screenOrientation
		ADDED from src\main\AndroidManifest.xml:177:13-49
	android:windowSoftInputMode
		ADDED from src\main\AndroidManifest.xml:178:13-52
	android:exported
		ADDED from src\main\AndroidManifest.xml:176:13-37
	android:name
		ADDED from src\main\AndroidManifest.xml:175:13-80
activity#com.example.konekapp.ui.dashboard.home.plant.TanamanActivity
ADDED from src\main\AndroidManifest.xml:183:9-190:20
	android:screenOrientation
		ADDED from src\main\AndroidManifest.xml:186:13-49
	android:exported
		ADDED from src\main\AndroidManifest.xml:185:13-37
	android:name
		ADDED from src\main\AndroidManifest.xml:184:13-68
activity#com.example.konekapp.ui.dashboard.home.plant.PenyakitDanObatActivity
ADDED from src\main\AndroidManifest.xml:191:9-198:20
	android:screenOrientation
		ADDED from src\main\AndroidManifest.xml:194:13-49
	android:exported
		ADDED from src\main\AndroidManifest.xml:193:13-37
	android:name
		ADDED from src\main\AndroidManifest.xml:192:13-76
activity#com.example.konekapp.ui.dashboard.home.consultation.consultationahlitani.ConsultationToMitraActivity
ADDED from src\main\AndroidManifest.xml:199:9-206:20
	android:screenOrientation
		ADDED from src\main\AndroidManifest.xml:202:13-49
	android:exported
		ADDED from src\main\AndroidManifest.xml:201:13-37
	android:name
		ADDED from src\main\AndroidManifest.xml:200:13-108
activity#com.example.konekapp.ui.dashboard.home.consultation.chatroom.ChatRoomActivity
ADDED from src\main\AndroidManifest.xml:207:9-214:20
	android:screenOrientation
		ADDED from src\main\AndroidManifest.xml:210:13-49
	android:exported
		ADDED from src\main\AndroidManifest.xml:209:13-37
	android:name
		ADDED from src\main\AndroidManifest.xml:208:13-85
activity#com.example.konekapp.ui.dashboard.home.article.addarticle.AddArtikelActivity
ADDED from src\main\AndroidManifest.xml:215:9-223:20
	android:screenOrientation
		ADDED from src\main\AndroidManifest.xml:218:13-49
	android:windowSoftInputMode
		ADDED from src\main\AndroidManifest.xml:219:13-52
	android:exported
		ADDED from src\main\AndroidManifest.xml:217:13-37
	android:name
		ADDED from src\main\AndroidManifest.xml:216:13-84
activity#com.example.konekapp.ui.dashboard.home.article.DetailArtikelActivity
ADDED from src\main\AndroidManifest.xml:224:9-231:20
	android:screenOrientation
		ADDED from src\main\AndroidManifest.xml:227:13-49
	android:exported
		ADDED from src\main\AndroidManifest.xml:226:13-37
	android:name
		ADDED from src\main\AndroidManifest.xml:225:13-76
activity#com.example.konekapp.ui.dashboard.home.consultation.consultationmitra.ConsultationToAhliTaniActivity
ADDED from src\main\AndroidManifest.xml:232:9-239:20
	android:screenOrientation
		ADDED from src\main\AndroidManifest.xml:235:13-49
	android:exported
		ADDED from src\main\AndroidManifest.xml:234:13-37
	android:name
		ADDED from src\main\AndroidManifest.xml:233:13-108
activity#com.example.konekapp.ui.dashboard.home.consultation.addconsultation.mitra.TambahKonsultasiToAhliTaniActivity
ADDED from src\main\AndroidManifest.xml:240:9-247:20
	android:screenOrientation
		ADDED from src\main\AndroidManifest.xml:243:13-49
	android:exported
		ADDED from src\main\AndroidManifest.xml:242:13-37
	android:name
		ADDED from src\main\AndroidManifest.xml:241:13-116
activity#com.example.konekapp.ui.dashboard.home.article.editarticle.EditArtikelActivity
ADDED from src\main\AndroidManifest.xml:248:9-256:20
	android:screenOrientation
		ADDED from src\main\AndroidManifest.xml:251:13-49
	android:windowSoftInputMode
		ADDED from src\main\AndroidManifest.xml:252:13-52
	android:exported
		ADDED from src\main\AndroidManifest.xml:250:13-37
	android:name
		ADDED from src\main\AndroidManifest.xml:249:13-86
activity#com.example.konekapp.ui.dashboard.home.article.ArtikelActivity
ADDED from src\main\AndroidManifest.xml:257:9-264:20
	android:screenOrientation
		ADDED from src\main\AndroidManifest.xml:260:13-49
	android:exported
		ADDED from src\main\AndroidManifest.xml:259:13-37
	android:name
		ADDED from src\main\AndroidManifest.xml:258:13-70
activity#com.example.konekapp.ui.login.completeprofile.CompleteProfileSuccess
ADDED from src\main\AndroidManifest.xml:265:9-272:20
	android:screenOrientation
		ADDED from src\main\AndroidManifest.xml:268:13-49
	android:exported
		ADDED from src\main\AndroidManifest.xml:267:13-37
	android:name
		ADDED from src\main\AndroidManifest.xml:266:13-76
activity#com.example.konekapp.ui.splashscreen.SplashScreenActivity
ADDED from src\main\AndroidManifest.xml:273:9-286:20
	android:screenOrientation
		ADDED from src\main\AndroidManifest.xml:276:13-49
	android:exported
		ADDED from src\main\AndroidManifest.xml:275:13-36
	android:name
		ADDED from src\main\AndroidManifest.xml:274:13-65
intent-filter#action:name:android.intent.action.MAIN+category:name:android.intent.category.LAUNCHER
ADDED from src\main\AndroidManifest.xml:277:13-281:29
action#android.intent.action.MAIN
ADDED from src\main\AndroidManifest.xml:278:17-69
	android:name
		ADDED from src\main\AndroidManifest.xml:278:25-66
category#android.intent.category.LAUNCHER
ADDED from src\main\AndroidManifest.xml:280:17-77
	android:name
		ADDED from src\main\AndroidManifest.xml:280:27-74
activity#com.example.konekapp.ui.dashboard.home.registermitra.RegisterSuccessActivity
ADDED from src\main\AndroidManifest.xml:287:9-294:20
	android:screenOrientation
		ADDED from src\main\AndroidManifest.xml:290:13-49
	android:exported
		ADDED from src\main\AndroidManifest.xml:289:13-37
	android:name
		ADDED from src\main\AndroidManifest.xml:288:13-84
activity#com.example.konekapp.ui.dashboard.home.registermitra.RegisterMitraActivity
ADDED from src\main\AndroidManifest.xml:295:9-303:20
	android:screenOrientation
		ADDED from src\main\AndroidManifest.xml:298:13-49
	android:windowSoftInputMode
		ADDED from src\main\AndroidManifest.xml:299:13-52
	android:exported
		ADDED from src\main\AndroidManifest.xml:297:13-37
	android:name
		ADDED from src\main\AndroidManifest.xml:296:13-82
activity#com.example.konekapp.ui.dashboard.account.profile.EditProfileActivity
ADDED from src\main\AndroidManifest.xml:304:9-312:20
	android:screenOrientation
		ADDED from src\main\AndroidManifest.xml:307:13-49
	android:windowSoftInputMode
		ADDED from src\main\AndroidManifest.xml:308:13-52
	android:exported
		ADDED from src\main\AndroidManifest.xml:306:13-37
	android:name
		ADDED from src\main\AndroidManifest.xml:305:13-77
activity#com.example.konekapp.ui.dashboard.account.profile.ProfileActivity
ADDED from src\main\AndroidManifest.xml:313:9-320:20
	android:screenOrientation
		ADDED from src\main\AndroidManifest.xml:316:13-49
	android:exported
		ADDED from src\main\AndroidManifest.xml:315:13-37
	android:name
		ADDED from src\main\AndroidManifest.xml:314:13-73
activity#com.example.konekapp.ui.login.completeprofile.CompleteProfileActivity
ADDED from src\main\AndroidManifest.xml:321:9-328:20
	android:screenOrientation
		ADDED from src\main\AndroidManifest.xml:324:13-49
	android:exported
		ADDED from src\main\AndroidManifest.xml:323:13-37
	android:name
		ADDED from src\main\AndroidManifest.xml:322:13-77
activity#com.example.konekapp.ui.login.LoginPhoneActivity
ADDED from src\main\AndroidManifest.xml:329:9-336:20
	android:screenOrientation
		ADDED from src\main\AndroidManifest.xml:332:13-49
	android:exported
		ADDED from src\main\AndroidManifest.xml:331:13-37
	android:name
		ADDED from src\main\AndroidManifest.xml:330:13-56
activity#com.example.konekapp.ui.dashboard.MainActivity
ADDED from src\main\AndroidManifest.xml:337:9-344:20